#
# There is insufficient memory for the Java Runtime Environment to continue.
# Native memory allocation (mmap) failed to map 42991616 bytes for Failed to commit area from 0x0000000089c00000 to 0x000000008c500000 of length 42991616.
# Possible reasons:
#   The system is out of physical RAM or swap space
#   The process is running with CompressedOops enabled, and the Java Heap may be blocking the growth of the native heap
# Possible solutions:
#   Reduce memory load on the system
#   Increase physical memory or swap space
#   Check if swap backing store is full
#   Decrease Java heap size (-Xmx/-Xms)
#   Decrease number of Java threads
#   Decrease Java thread stack sizes (-Xss)
#   Set larger code cache with -XX:ReservedCodeCacheSize=
#   JVM is running with Unscaled Compressed Oops mode in which the Java heap is
#     placed in the first 4GB address space. The Java Heap base address is the
#     maximum limit for the native heap growth. Please use -XX:HeapBaseMinAddress
#     to set the Java Heap base and to place the Java Heap above 4GB virtual address.
# This output file may be truncated or incomplete.
#
#  Out of Memory Error (t:/workspace/open/src/hotspot/os/windows/os_windows.cpp:3269), pid=13868, tid=17480
#
# JRE version: OpenJDK Runtime Environment (11.0+28) (build 11+28)
# Java VM: OpenJDK 64-Bit Server VM (11+28, mixed mode, tiered, compressed oops, g1 gc, windows-amd64)
# No core dump will be written. Minidumps are not enabled by default on client versions of Windows
#

---------------  S U M M A R Y ------------

Command Line: -javaagent:C:\Program Files\JetBrains\IntelliJ IDEA Community Edition 2022.1.2\lib\idea_rt.jar=61321:C:\Program Files\JetBrains\IntelliJ IDEA Community Edition 2022.1.2\bin -Dfile.encoding=UTF-8 webshop.OrderQueriesServiceApplication

Host: Intel(R) Xeon(R) Gold 6248R CPU @ 3.00GHz, 4 cores, 7G,  Windows 10 , 64 bit Build 19041 (10.0.19041.1741)
Time: Wed Aug 10 18:00:28 2022 Central Daylight Time elapsed time: 6 seconds (0d 0h 0m 6s)

---------------  T H R E A D  ---------------

Current thread (0x0000022f3f0fc800):  VMThread "VM Thread" [stack: 0x000000e5c1900000,0x000000e5c1a00000] [id=17480]

Stack: [0x000000e5c1900000,0x000000e5c1a00000]
[error occurred during error reporting (printing stack bounds), id 0xc0000005, EXCEPTION_ACCESS_VIOLATION (0xc0000005) at pc=0x0000022f287c0bad]

Native frames: (J=compiled Java code, j=interpreted, Vv=VM code, C=native code)
V  [jvm.dll+0x63adaa]
V  [jvm.dll+0x77852f]
V  [jvm.dll+0x779b18]
V  [jvm.dll+0x77a135]
V  [jvm.dll+0x77a0eb]
V  [jvm.dll+0x63a4a6]
V  [jvm.dll+0x63a878]
C  [ntdll.dll+0xa209f]
C  [ntdll.dll+0x51454]
C  [ntdll.dll+0xa0bce]
C  0x0000022f287c0bad

VM_Operation (0x000000e5c2af8ef0): G1CollectForAllocation, mode: safepoint, requested by thread 0x0000022f402e9000


---------------  P R O C E S S  ---------------

Threads class SMR info:
_java_thread_list=0x0000022f43938e20, length=18, elements={
0x0000022f20526000, 0x0000022f3f135000, 0x0000022f3f122800, 0x0000022f3f13e000,
0x0000022f3f141800, 0x0000022f3f144800, 0x0000022f3f14b000, 0x0000022f3f1fb000,
0x0000022f3e8b7800, 0x0000022f3fc9c800, 0x0000022f3f60e000, 0x0000022f3ff0f800,
0x0000022f4072d800, 0x0000022f402e9000, 0x0000022f41ea2000, 0x0000022f422b3800,
0x0000022f41ea3000, 0x0000022f4388e000
}

Java Threads: ( => current thread )
  0x0000022f20526000 JavaThread "main" [_thread_blocked, id=17604, stack(0x000000e5c1300000,0x000000e5c1400000)]
  0x0000022f3f135000 JavaThread "Reference Handler" daemon [_thread_blocked, id=17176, stack(0x000000e5c1a00000,0x000000e5c1b00000)]
  0x0000022f3f122800 JavaThread "Finalizer" daemon [_thread_blocked, id=16976, stack(0x000000e5c1b00000,0x000000e5c1c00000)]
  0x0000022f3f13e000 JavaThread "Signal Dispatcher" daemon [_thread_blocked, id=15696, stack(0x000000e5c1c00000,0x000000e5c1d00000)]
  0x0000022f3f141800 JavaThread "Attach Listener" daemon [_thread_blocked, id=17508, stack(0x000000e5c1d00000,0x000000e5c1e00000)]
  0x0000022f3f144800 JavaThread "C2 CompilerThread0" daemon [_thread_in_native, id=12220, stack(0x000000e5c1e00000,0x000000e5c1f00000)]
  0x0000022f3f14b000 JavaThread "C1 CompilerThread0" daemon [_thread_blocked, id=12900, stack(0x000000e5c1f00000,0x000000e5c2000000)]
  0x0000022f3f1fb000 JavaThread "Sweeper thread" daemon [_thread_blocked, id=5984, stack(0x000000e5c2000000,0x000000e5c2100000)]
  0x0000022f3e8b7800 JavaThread "Common-Cleaner" daemon [_thread_blocked, id=14436, stack(0x000000e5c2100000,0x000000e5c2200000)]
  0x0000022f3fc9c800 JavaThread "Monitor Ctrl-Break" daemon [_thread_in_native, id=11448, stack(0x000000e5c2200000,0x000000e5c2300000)]
  0x0000022f3f60e000 JavaThread "Service Thread" daemon [_thread_blocked, id=16540, stack(0x000000e5c2300000,0x000000e5c2400000)]
  0x0000022f3ff0f800 JavaThread "C2 CompilerThread1" daemon [_thread_in_native, id=17272, stack(0x000000e5c2500000,0x000000e5c2600000)]
  0x0000022f4072d800 JavaThread "Thread-0" [_thread_blocked, id=14520, stack(0x000000e5c2800000,0x000000e5c2900000)]
  0x0000022f402e9000 JavaThread "restartedMain" [_thread_blocked, id=720, stack(0x000000e5c2a00000,0x000000e5c2b00000)]
  0x0000022f41ea2000 JavaThread "Keep-Alive-Timer" daemon [_thread_blocked, id=15936, stack(0x000000e5c2d00000,0x000000e5c2e00000)]
  0x0000022f422b3800 JavaThread "cluster-ClusterId{value='62f4388bf0caba2fdbdf77ea', description='null'}-localhost:27017" daemon [_thread_blocked, id=15960, stack(0x000000e5c2b00000,0x000000e5c2c00000)]
  0x0000022f41ea3000 JavaThread "cluster-rtt-ClusterId{value='62f4388bf0caba2fdbdf77ea', description='null'}-localhost:27017" daemon [_thread_blocked, id=7356, stack(0x000000e5c2e00000,0x000000e5c2f00000)]
  0x0000022f4388e000 JavaThread "spring.cloud.inetutils" daemon [_thread_blocked, id=7668, stack(0x000000e5c2f00000,0x000000e5c3000000)]

Other Threads:
=>0x0000022f3f0fc800 VMThread "VM Thread" [stack: 0x000000e5c1900000,0x000000e5c1a00000] [id=17480]
  0x0000022f3fab1000 WatcherThread [stack: 0x000000e5c2400000,0x000000e5c2500000] [id=17036]
  0x0000022f2053c000 GCTaskThread "GC Thread#0" [stack: 0x000000e5c1400000,0x000000e5c1500000] [id=6988]
  0x0000022f400db800 GCTaskThread "GC Thread#1" [stack: 0x000000e5c2600000,0x000000e5c2700000] [id=8064]
  0x0000022f3fefd000 GCTaskThread "GC Thread#2" [stack: 0x000000e5c2700000,0x000000e5c2800000] [id=14716]
  0x0000022f40031800 GCTaskThread "GC Thread#3" [stack: 0x000000e5c2900000,0x000000e5c2a00000] [id=9916]
  0x0000022f20570000 ConcurrentGCThread "G1 Main Marker" [stack: 0x000000e5c1500000,0x000000e5c1600000] [id=12700]
  0x0000022f20571000 ConcurrentGCThread "G1 Conc#0" [stack: 0x000000e5c1600000,0x000000e5c1700000] [id=1064]
  0x0000022f3e763000 ConcurrentGCThread "G1 Refine#0" [stack: 0x000000e5c1700000,0x000000e5c1800000] [id=18228]
  0x0000022f3e764000 ConcurrentGCThread "G1 Young RemSet Sampling" [stack: 0x000000e5c1800000,0x000000e5c1900000] [id=1252]

Threads with active compile tasks:
C2 CompilerThread04861   !   4       org.aspectj.weaver.World::resolve (297 bytes)
C2 CompilerThread14731   !   4       org.springframework.core.annotation.AnnotationsScanner::processMethodHierarchy (276 bytes)

VM state:at safepoint (normal execution)

VM Mutex/Monitor currently owned by a thread:  ([mutex/lock_event])
[0x0000022f20523840] Threads_lock - owner thread: 0x0000022f3f0fc800
[0x0000022f20523060] Heap_lock - owner thread: 0x0000022f402e9000

Heap address: 0x0000000080200000, size: 2046 MB, Compressed Oops mode: 32-bit
Narrow klass base: 0x0000000000000000, Narrow klass shift: 3
Compressed class space size: 1073741824 Address: 0x0000000100000000

Heap:
 garbage-first heap   total 199680K, used 25413K [0x0000000080200000, 0x0000000100000000)
  region size 1024K, 10 young (10240K), 10 survivors (10240K)
 Metaspace       used 52583K, capacity 53988K, committed 54016K, reserved 1095680K
  class space    used 6609K, capacity 7155K, committed 7168K, reserved 1048576K
Heap Regions: E=young(eden), S=young(survivor), O=old, HS=humongous(starts), HC=humongous(continues), CS=collection set, F=free, A=archive, TAMS=top-at-mark-start (previous, next)
|   0|0x0000000080200000, 0x0000000080300000, 0x0000000080300000|100%| O|  |TAMS 0x0000000080300000, 0x0000000080200000| Untracked 
|   1|0x0000000080300000, 0x0000000080400000, 0x0000000080400000|100%| O|  |TAMS 0x0000000080400000, 0x0000000080300000| Untracked 
|   2|0x0000000080400000, 0x0000000080500000, 0x0000000080500000|100%| O|  |TAMS 0x0000000080500000, 0x0000000080400000| Untracked 
|   3|0x0000000080500000, 0x0000000080600000, 0x0000000080600000|100%| O|  |TAMS 0x0000000080600000, 0x0000000080500000| Untracked 
|   4|0x0000000080600000, 0x0000000080700000, 0x0000000080700000|100%| O|  |TAMS 0x0000000080700000, 0x0000000080600000| Untracked 
|   5|0x0000000080700000, 0x0000000080800000, 0x0000000080800000|100%| O|  |TAMS 0x0000000080800000, 0x0000000080700000| Untracked 
|   6|0x0000000080800000, 0x0000000080900000, 0x0000000080900000|100%| O|  |TAMS 0x0000000080900000, 0x0000000080800000| Untracked 
|   7|0x0000000080900000, 0x0000000080a00000, 0x0000000080a00000|100%| O|  |TAMS 0x00000000809f1800, 0x0000000080900000| Untracked 
|   8|0x0000000080a00000, 0x0000000080b00000, 0x0000000080b00000|100%| O|  |TAMS 0x0000000080a00000, 0x0000000080a00000| Untracked 
|   9|0x0000000080b00000, 0x0000000080c00000, 0x0000000080c00000|100%| O|  |TAMS 0x0000000080b00000, 0x0000000080b00000| Untracked 
|  10|0x0000000080c00000, 0x0000000080d00000, 0x0000000080d00000|100%| O|  |TAMS 0x0000000080c00000, 0x0000000080c00000| Untracked 
|  11|0x0000000080d00000, 0x0000000080e00000, 0x0000000080e00000|100%| O|  |TAMS 0x0000000080d00000, 0x0000000080d00000| Untracked 
|  12|0x0000000080e00000, 0x0000000080f00000, 0x0000000080f00000|100%| O|  |TAMS 0x0000000080e00000, 0x0000000080e00000| Untracked 
|  13|0x0000000080f00000, 0x0000000081000000, 0x0000000081000000|100%| O|  |TAMS 0x0000000080f00000, 0x0000000080f00000| Untracked 
|  14|0x0000000081000000, 0x0000000081100000, 0x0000000081100000|100%| O|  |TAMS 0x0000000081000000, 0x0000000081000000| Untracked 
|  15|0x0000000081100000, 0x0000000081164c00, 0x0000000081200000| 39%| O|  |TAMS 0x0000000081100000, 0x0000000081100000| Untracked 
|  16|0x0000000081200000, 0x0000000081200000, 0x0000000081300000|  0%| F|  |TAMS 0x0000000081200000, 0x0000000081200000| Untracked 
|  17|0x0000000081300000, 0x0000000081300000, 0x0000000081400000|  0%| F|  |TAMS 0x0000000081300000, 0x0000000081300000| Untracked 
|  18|0x0000000081400000, 0x0000000081400000, 0x0000000081500000|  0%| F|  |TAMS 0x0000000081400000, 0x0000000081400000| Untracked 
|  19|0x0000000081500000, 0x0000000081500000, 0x0000000081600000|  0%| F|  |TAMS 0x0000000081500000, 0x0000000081500000| Untracked 
|  20|0x0000000081600000, 0x0000000081600000, 0x0000000081700000|  0%| F|  |TAMS 0x0000000081600000, 0x0000000081600000| Untracked 
|  21|0x0000000081700000, 0x0000000081700000, 0x0000000081800000|  0%| F|  |TAMS 0x0000000081700000, 0x0000000081700000| Untracked 
|  22|0x0000000081800000, 0x0000000081800000, 0x0000000081900000|  0%| F|  |TAMS 0x0000000081800000, 0x0000000081800000| Untracked 
|  23|0x0000000081900000, 0x0000000081900000, 0x0000000081a00000|  0%| F|  |TAMS 0x0000000081900000, 0x0000000081900000| Untracked 
|  24|0x0000000081a00000, 0x0000000081a00000, 0x0000000081b00000|  0%| F|  |TAMS 0x0000000081a00000, 0x0000000081a00000| Untracked 
|  25|0x0000000081b00000, 0x0000000081b00000, 0x0000000081c00000|  0%| F|  |TAMS 0x0000000081b00000, 0x0000000081b00000| Untracked 
|  26|0x0000000081c00000, 0x0000000081c00000, 0x0000000081d00000|  0%| F|  |TAMS 0x0000000081c00000, 0x0000000081c00000| Untracked 
|  27|0x0000000081d00000, 0x0000000081d00000, 0x0000000081e00000|  0%| F|  |TAMS 0x0000000081d00000, 0x0000000081d00000| Untracked 
|  28|0x0000000081e00000, 0x0000000081e00000, 0x0000000081f00000|  0%| F|  |TAMS 0x0000000081e00000, 0x0000000081e00000| Untracked 
|  29|0x0000000081f00000, 0x0000000081f00000, 0x0000000082000000|  0%| F|  |TAMS 0x0000000081f00000, 0x0000000081f00000| Untracked 
|  30|0x0000000082000000, 0x0000000082000000, 0x0000000082100000|  0%| F|  |TAMS 0x0000000082000000, 0x0000000082000000| Untracked 
|  31|0x0000000082100000, 0x0000000082100000, 0x0000000082200000|  0%| F|  |TAMS 0x0000000082100000, 0x0000000082100000| Untracked 
|  32|0x0000000082200000, 0x0000000082200000, 0x0000000082300000|  0%| F|  |TAMS 0x0000000082200000, 0x0000000082200000| Untracked 
|  33|0x0000000082300000, 0x0000000082300000, 0x0000000082400000|  0%| F|  |TAMS 0x0000000082300000, 0x0000000082300000| Untracked 
|  34|0x0000000082400000, 0x0000000082400000, 0x0000000082500000|  0%| F|  |TAMS 0x0000000082400000, 0x0000000082400000| Untracked 
|  35|0x0000000082500000, 0x0000000082500000, 0x0000000082600000|  0%| F|  |TAMS 0x0000000082500000, 0x0000000082500000| Untracked 
|  36|0x0000000082600000, 0x0000000082600000, 0x0000000082700000|  0%| F|  |TAMS 0x0000000082600000, 0x0000000082600000| Untracked 
|  37|0x0000000082700000, 0x0000000082700000, 0x0000000082800000|  0%| F|  |TAMS 0x0000000082700000, 0x0000000082700000| Untracked 
|  38|0x0000000082800000, 0x0000000082800000, 0x0000000082900000|  0%| F|  |TAMS 0x0000000082800000, 0x0000000082800000| Untracked 
|  39|0x0000000082900000, 0x0000000082900000, 0x0000000082a00000|  0%| F|  |TAMS 0x0000000082900000, 0x0000000082900000| Untracked 
|  40|0x0000000082a00000, 0x0000000082a00000, 0x0000000082b00000|  0%| F|  |TAMS 0x0000000082a00000, 0x0000000082a00000| Untracked 
|  41|0x0000000082b00000, 0x0000000082b00000, 0x0000000082c00000|  0%| F|  |TAMS 0x0000000082b00000, 0x0000000082b00000| Untracked 
|  42|0x0000000082c00000, 0x0000000082c00000, 0x0000000082d00000|  0%| F|  |TAMS 0x0000000082c00000, 0x0000000082c00000| Untracked 
|  43|0x0000000082d00000, 0x0000000082d00000, 0x0000000082e00000|  0%| F|  |TAMS 0x0000000082d00000, 0x0000000082d00000| Untracked 
|  44|0x0000000082e00000, 0x0000000082e00000, 0x0000000082f00000|  0%| F|  |TAMS 0x0000000082e00000, 0x0000000082e00000| Untracked 
|  45|0x0000000082f00000, 0x0000000082f00000, 0x0000000083000000|  0%| F|  |TAMS 0x0000000082f00000, 0x0000000082f00000| Untracked 
|  46|0x0000000083000000, 0x0000000083000000, 0x0000000083100000|  0%| F|  |TAMS 0x0000000083000000, 0x0000000083000000| Untracked 
|  47|0x0000000083100000, 0x0000000083100000, 0x0000000083200000|  0%| F|  |TAMS 0x0000000083100000, 0x0000000083100000| Untracked 
|  48|0x0000000083200000, 0x0000000083200000, 0x0000000083300000|  0%| F|  |TAMS 0x0000000083200000, 0x0000000083200000| Untracked 
|  49|0x0000000083300000, 0x0000000083300000, 0x0000000083400000|  0%| F|  |TAMS 0x0000000083300000, 0x0000000083300000| Untracked 
|  50|0x0000000083400000, 0x0000000083400000, 0x0000000083500000|  0%| F|  |TAMS 0x0000000083400000, 0x0000000083400000| Untracked 
|  51|0x0000000083500000, 0x0000000083500000, 0x0000000083600000|  0%| F|  |TAMS 0x0000000083500000, 0x0000000083500000| Untracked 
|  52|0x0000000083600000, 0x0000000083600000, 0x0000000083700000|  0%| F|  |TAMS 0x0000000083600000, 0x0000000083600000| Untracked 
|  53|0x0000000083700000, 0x0000000083700000, 0x0000000083800000|  0%| F|  |TAMS 0x0000000083700000, 0x0000000083700000| Untracked 
|  54|0x0000000083800000, 0x0000000083800000, 0x0000000083900000|  0%| F|  |TAMS 0x0000000083800000, 0x0000000083800000| Untracked 
|  55|0x0000000083900000, 0x0000000083900000, 0x0000000083a00000|  0%| F|  |TAMS 0x0000000083900000, 0x0000000083900000| Untracked 
|  56|0x0000000083a00000, 0x0000000083a00000, 0x0000000083b00000|  0%| F|  |TAMS 0x0000000083a00000, 0x0000000083a00000| Untracked 
|  57|0x0000000083b00000, 0x0000000083b6c978, 0x0000000083c00000| 42%| S|CS|TAMS 0x0000000083b00000, 0x0000000083b00000| Complete 
|  58|0x0000000083c00000, 0x0000000083d00000, 0x0000000083d00000|100%| S|CS|TAMS 0x0000000083c00000, 0x0000000083c00000| Complete 
|  59|0x0000000083d00000, 0x0000000083e00000, 0x0000000083e00000|100%| S|CS|TAMS 0x0000000083d00000, 0x0000000083d00000| Complete 
|  60|0x0000000083e00000, 0x0000000083e00000, 0x0000000083f00000|  0%| F|  |TAMS 0x0000000083e00000, 0x0000000083e00000| Untracked 
|  61|0x0000000083f00000, 0x0000000083f00000, 0x0000000084000000|  0%| F|  |TAMS 0x0000000083f00000, 0x0000000083f00000| Untracked 
|  62|0x0000000084000000, 0x0000000084000000, 0x0000000084100000|  0%| F|  |TAMS 0x0000000084000000, 0x0000000084000000| Untracked 
|  63|0x0000000084100000, 0x0000000084100000, 0x0000000084200000|  0%| F|  |TAMS 0x0000000084100000, 0x0000000084100000| Untracked 
|  64|0x0000000084200000, 0x0000000084200000, 0x0000000084300000|  0%| F|  |TAMS 0x0000000084200000, 0x0000000084200000| Untracked 
|  65|0x0000000084300000, 0x0000000084400000, 0x0000000084400000|100%| S|CS|TAMS 0x0000000084300000, 0x0000000084300000| Complete 
|  66|0x0000000084400000, 0x0000000084500000, 0x0000000084500000|100%| S|CS|TAMS 0x0000000084400000, 0x0000000084400000| Complete 
|  67|0x0000000084500000, 0x0000000084600000, 0x0000000084600000|100%| S|CS|TAMS 0x0000000084500000, 0x0000000084500000| Complete 
|  68|0x0000000084600000, 0x0000000084700000, 0x0000000084700000|100%| S|CS|TAMS 0x0000000084600000, 0x0000000084600000| Complete 
|  69|0x0000000084700000, 0x0000000084800000, 0x0000000084800000|100%| S|CS|TAMS 0x0000000084700000, 0x0000000084700000| Complete 
|  70|0x0000000084800000, 0x0000000084900000, 0x0000000084900000|100%| S|CS|TAMS 0x0000000084800000, 0x0000000084800000| Complete 
|  71|0x0000000084900000, 0x0000000084a00000, 0x0000000084a00000|100%| S|CS|TAMS 0x0000000084900000, 0x0000000084900000| Complete 
|  72|0x0000000084a00000, 0x0000000084a00000, 0x0000000084b00000|  0%| F|  |TAMS 0x0000000084a00000, 0x0000000084a00000| Untracked 
|  73|0x0000000084b00000, 0x0000000084b00000, 0x0000000084c00000|  0%| F|  |TAMS 0x0000000084b00000, 0x0000000084b00000| Untracked 
|  74|0x0000000084c00000, 0x0000000084c00000, 0x0000000084d00000|  0%| F|  |TAMS 0x0000000084c00000, 0x0000000084c00000| Untracked 
|  75|0x0000000084d00000, 0x0000000084d00000, 0x0000000084e00000|  0%| F|  |TAMS 0x0000000084d00000, 0x0000000084d00000| Untracked 
|  76|0x0000000084e00000, 0x0000000084e00000, 0x0000000084f00000|  0%| F|  |TAMS 0x0000000084e00000, 0x0000000084e00000| Untracked 
|  77|0x0000000084f00000, 0x0000000084f00000, 0x0000000085000000|  0%| F|  |TAMS 0x0000000084f00000, 0x0000000084f00000| Untracked 
|  78|0x0000000085000000, 0x0000000085000000, 0x0000000085100000|  0%| F|  |TAMS 0x0000000085000000, 0x0000000085000000| Untracked 
|  79|0x0000000085100000, 0x0000000085100000, 0x0000000085200000|  0%| F|  |TAMS 0x0000000085100000, 0x0000000085100000| Untracked 
|  80|0x0000000085200000, 0x0000000085200000, 0x0000000085300000|  0%| F|  |TAMS 0x0000000085200000, 0x0000000085200000| Untracked 
|  81|0x0000000085300000, 0x0000000085300000, 0x0000000085400000|  0%| F|  |TAMS 0x0000000085300000, 0x0000000085300000| Untracked 
|  82|0x0000000085400000, 0x0000000085400000, 0x0000000085500000|  0%| F|  |TAMS 0x0000000085400000, 0x0000000085400000| Untracked 
|  83|0x0000000085500000, 0x0000000085500000, 0x0000000085600000|  0%| F|  |TAMS 0x0000000085500000, 0x0000000085500000| Untracked 
|  84|0x0000000085600000, 0x0000000085600000, 0x0000000085700000|  0%| F|  |TAMS 0x0000000085600000, 0x0000000085600000| Untracked 
|  85|0x0000000085700000, 0x0000000085700000, 0x0000000085800000|  0%| F|  |TAMS 0x0000000085700000, 0x0000000085700000| Untracked 
|  86|0x0000000085800000, 0x0000000085800000, 0x0000000085900000|  0%| F|  |TAMS 0x0000000085800000, 0x0000000085800000| Untracked 
|  87|0x0000000085900000, 0x0000000085900000, 0x0000000085a00000|  0%| F|  |TAMS 0x0000000085900000, 0x0000000085900000| Untracked 
|  88|0x0000000085a00000, 0x0000000085a00000, 0x0000000085b00000|  0%| F|  |TAMS 0x0000000085a00000, 0x0000000085a00000| Untracked 
|  89|0x0000000085b00000, 0x0000000085b00000, 0x0000000085c00000|  0%| F|  |TAMS 0x0000000085b00000, 0x0000000085b00000| Untracked 
|  90|0x0000000085c00000, 0x0000000085c00000, 0x0000000085d00000|  0%| F|  |TAMS 0x0000000085c00000, 0x0000000085c00000| Untracked 
|  91|0x0000000085d00000, 0x0000000085d00000, 0x0000000085e00000|  0%| F|  |TAMS 0x0000000085d00000, 0x0000000085d00000| Untracked 
|  92|0x0000000085e00000, 0x0000000085e00000, 0x0000000085f00000|  0%| F|  |TAMS 0x0000000085e00000, 0x0000000085e00000| Untracked 
|  93|0x0000000085f00000, 0x0000000085f00000, 0x0000000086000000|  0%| F|  |TAMS 0x0000000085f00000, 0x0000000085f00000| Untracked 
|  94|0x0000000086000000, 0x0000000086000000, 0x0000000086100000|  0%| F|  |TAMS 0x0000000086000000, 0x0000000086000000| Untracked 
|  95|0x0000000086100000, 0x0000000086100000, 0x0000000086200000|  0%| F|  |TAMS 0x0000000086100000, 0x0000000086100000| Untracked 
|  96|0x0000000086200000, 0x0000000086200000, 0x0000000086300000|  0%| F|  |TAMS 0x0000000086200000, 0x0000000086200000| Untracked 
|  97|0x0000000086300000, 0x0000000086300000, 0x0000000086400000|  0%| F|  |TAMS 0x0000000086300000, 0x0000000086300000| Untracked 
|  98|0x0000000086400000, 0x0000000086400000, 0x0000000086500000|  0%| F|  |TAMS 0x0000000086400000, 0x0000000086400000| Untracked 
|  99|0x0000000086500000, 0x0000000086500000, 0x0000000086600000|  0%| F|  |TAMS 0x0000000086500000, 0x0000000086500000| Untracked 
| 100|0x0000000086600000, 0x0000000086600000, 0x0000000086700000|  0%| F|  |TAMS 0x0000000086600000, 0x0000000086600000| Untracked 
| 101|0x0000000086700000, 0x0000000086700000, 0x0000000086800000|  0%| F|  |TAMS 0x0000000086700000, 0x0000000086700000| Untracked 
| 102|0x0000000086800000, 0x0000000086800000, 0x0000000086900000|  0%| F|  |TAMS 0x0000000086800000, 0x0000000086800000| Untracked 
| 103|0x0000000086900000, 0x0000000086900000, 0x0000000086a00000|  0%| F|  |TAMS 0x0000000086900000, 0x0000000086900000| Untracked 
| 104|0x0000000086a00000, 0x0000000086a00000, 0x0000000086b00000|  0%| F|  |TAMS 0x0000000086a00000, 0x0000000086a00000| Untracked 
| 105|0x0000000086b00000, 0x0000000086b00000, 0x0000000086c00000|  0%| F|  |TAMS 0x0000000086b00000, 0x0000000086b00000| Untracked 
| 106|0x0000000086c00000, 0x0000000086c00000, 0x0000000086d00000|  0%| F|  |TAMS 0x0000000086c00000, 0x0000000086c00000| Untracked 
| 107|0x0000000086d00000, 0x0000000086d00000, 0x0000000086e00000|  0%| F|  |TAMS 0x0000000086d00000, 0x0000000086d00000| Untracked 
| 108|0x0000000086e00000, 0x0000000086e00000, 0x0000000086f00000|  0%| F|  |TAMS 0x0000000086e00000, 0x0000000086e00000| Untracked 
| 109|0x0000000086f00000, 0x0000000086f00000, 0x0000000087000000|  0%| F|  |TAMS 0x0000000086f00000, 0x0000000086f00000| Untracked 
| 110|0x0000000087000000, 0x0000000087000000, 0x0000000087100000|  0%| F|  |TAMS 0x0000000087000000, 0x0000000087000000| Untracked 
| 111|0x0000000087100000, 0x0000000087100000, 0x0000000087200000|  0%| F|  |TAMS 0x0000000087100000, 0x0000000087100000| Untracked 
| 112|0x0000000087200000, 0x0000000087200000, 0x0000000087300000|  0%| F|  |TAMS 0x0000000087200000, 0x0000000087200000| Untracked 
| 113|0x0000000087300000, 0x0000000087300000, 0x0000000087400000|  0%| F|  |TAMS 0x0000000087300000, 0x0000000087300000| Untracked 
| 114|0x0000000087400000, 0x0000000087400000, 0x0000000087500000|  0%| F|  |TAMS 0x0000000087400000, 0x0000000087400000| Untracked 
| 115|0x0000000087500000, 0x0000000087500000, 0x0000000087600000|  0%| F|  |TAMS 0x0000000087500000, 0x0000000087500000| Untracked 
| 116|0x0000000087600000, 0x0000000087600000, 0x0000000087700000|  0%| F|  |TAMS 0x0000000087600000, 0x0000000087600000| Untracked 
| 117|0x0000000087700000, 0x0000000087700000, 0x0000000087800000|  0%| F|  |TAMS 0x0000000087700000, 0x0000000087700000| Untracked 
| 118|0x0000000087800000, 0x0000000087800000, 0x0000000087900000|  0%| F|  |TAMS 0x0000000087800000, 0x0000000087800000| Untracked 
| 119|0x0000000087900000, 0x0000000087900000, 0x0000000087a00000|  0%| F|  |TAMS 0x0000000087900000, 0x0000000087900000| Untracked 
| 120|0x0000000087a00000, 0x0000000087a00000, 0x0000000087b00000|  0%| F|  |TAMS 0x0000000087a00000, 0x0000000087a00000| Untracked 
| 121|0x0000000087b00000, 0x0000000087b00000, 0x0000000087c00000|  0%| F|  |TAMS 0x0000000087b00000, 0x0000000087b00000| Untracked 
| 122|0x0000000087c00000, 0x0000000087c00000, 0x0000000087d00000|  0%| F|  |TAMS 0x0000000087c00000, 0x0000000087c00000| Untracked 
| 123|0x0000000087d00000, 0x0000000087d00000, 0x0000000087e00000|  0%| F|  |TAMS 0x0000000087d00000, 0x0000000087d00000| Untracked 
| 124|0x0000000087e00000, 0x0000000087e00000, 0x0000000087f00000|  0%| F|  |TAMS 0x0000000087e00000, 0x0000000087e00000| Untracked 
| 125|0x0000000087f00000, 0x0000000087f00000, 0x0000000088000000|  0%| F|  |TAMS 0x0000000087f00000, 0x0000000087f00000| Untracked 
| 126|0x0000000088000000, 0x0000000088000000, 0x0000000088100000|  0%| F|  |TAMS 0x0000000088000000, 0x0000000088000000| Untracked 
| 127|0x0000000088100000, 0x0000000088100000, 0x0000000088200000|  0%| F|  |TAMS 0x0000000088100000, 0x0000000088100000| Untracked 
| 128|0x0000000088200000, 0x0000000088200000, 0x0000000088300000|  0%| F|  |TAMS 0x0000000088200000, 0x0000000088200000| Untracked 
| 129|0x0000000088300000, 0x0000000088300000, 0x0000000088400000|  0%| F|  |TAMS 0x0000000088300000, 0x0000000088300000| Untracked 
| 130|0x0000000088400000, 0x0000000088400000, 0x0000000088500000|  0%| F|  |TAMS 0x0000000088400000, 0x0000000088400000| Untracked 
| 131|0x0000000088500000, 0x0000000088500000, 0x0000000088600000|  0%| F|  |TAMS 0x0000000088500000, 0x0000000088500000| Untracked 
| 132|0x0000000088600000, 0x0000000088600000, 0x0000000088700000|  0%| F|  |TAMS 0x0000000088600000, 0x0000000088600000| Untracked 
| 133|0x0000000088700000, 0x0000000088700000, 0x0000000088800000|  0%| F|  |TAMS 0x0000000088700000, 0x0000000088700000| Untracked 
| 134|0x0000000088800000, 0x0000000088800000, 0x0000000088900000|  0%| F|  |TAMS 0x0000000088800000, 0x0000000088800000| Untracked 
| 135|0x0000000088900000, 0x0000000088900000, 0x0000000088a00000|  0%| F|  |TAMS 0x0000000088900000, 0x0000000088900000| Untracked 
| 136|0x0000000088a00000, 0x0000000088a00000, 0x0000000088b00000|  0%| F|  |TAMS 0x0000000088a00000, 0x0000000088a00000| Untracked 
| 137|0x0000000088b00000, 0x0000000088b00000, 0x0000000088c00000|  0%| F|  |TAMS 0x0000000088b00000, 0x0000000088b00000| Untracked 
| 138|0x0000000088c00000, 0x0000000088c00000, 0x0000000088d00000|  0%| F|  |TAMS 0x0000000088c00000, 0x0000000088c00000| Untracked 
| 139|0x0000000088d00000, 0x0000000088d00000, 0x0000000088e00000|  0%| F|  |TAMS 0x0000000088d00000, 0x0000000088d00000| Untracked 
| 140|0x0000000088e00000, 0x0000000088e00000, 0x0000000088f00000|  0%| F|  |TAMS 0x0000000088e00000, 0x0000000088e00000| Untracked 
| 141|0x0000000088f00000, 0x0000000088f00000, 0x0000000089000000|  0%| F|  |TAMS 0x0000000088f00000, 0x0000000088f00000| Untracked 
| 142|0x0000000089000000, 0x0000000089000000, 0x0000000089100000|  0%| F|  |TAMS 0x0000000089000000, 0x0000000089000000| Untracked 
| 143|0x0000000089100000, 0x0000000089100000, 0x0000000089200000|  0%| F|  |TAMS 0x0000000089100000, 0x0000000089100000| Untracked 
| 144|0x0000000089200000, 0x0000000089200000, 0x0000000089300000|  0%| F|  |TAMS 0x0000000089200000, 0x0000000089200000| Untracked 
| 145|0x0000000089300000, 0x0000000089300000, 0x0000000089400000|  0%| F|  |TAMS 0x0000000089300000, 0x0000000089300000| Untracked 
| 146|0x0000000089400000, 0x0000000089400000, 0x0000000089500000|  0%| F|  |TAMS 0x0000000089400000, 0x0000000089400000| Untracked 
| 147|0x0000000089500000, 0x0000000089500000, 0x0000000089600000|  0%| F|  |TAMS 0x0000000089500000, 0x0000000089500000| Untracked 
| 148|0x0000000089600000, 0x0000000089600000, 0x0000000089700000|  0%| F|  |TAMS 0x0000000089600000, 0x0000000089600000| Untracked 
| 149|0x0000000089700000, 0x0000000089700000, 0x0000000089800000|  0%| F|  |TAMS 0x0000000089700000, 0x0000000089700000| Untracked 
| 150|0x0000000089800000, 0x0000000089800000, 0x0000000089900000|  0%| F|  |TAMS 0x0000000089800000, 0x0000000089800000| Untracked 
| 151|0x0000000089900000, 0x0000000089900000, 0x0000000089a00000|  0%| F|  |TAMS 0x0000000089900000, 0x0000000089900000| Untracked 
| 152|0x0000000089a00000, 0x0000000089a00000, 0x0000000089b00000|  0%| F|  |TAMS 0x0000000089a00000, 0x0000000089a00000| Untracked 
| 153|0x0000000089b00000, 0x0000000089b00000, 0x0000000089c00000|  0%| F|  |TAMS 0x0000000089b00000, 0x0000000089b00000| Untracked 

Card table byte_map: [0x0000022f37bc0000,0x0000022f37fc0000] _byte_map_base: 0x0000022f377bf000

Marking Bits (Prev, Next): (CMBitMap*) 0x0000022f20567388, (CMBitMap*) 0x0000022f205673c0
 Prev Bits: [0x0000022f383c0000, 0x0000022f3a3b8000)
 Next Bits: [0x0000022f3a3c0000, 0x0000022f3c3b8000)

Polling page: 0x0000022f1e4c0000

Metaspace:

Usage:
  Non-class:     45.74 MB capacity,    44.90 MB ( 98%) used,   694.62 KB (  1%) free+waste,   164.25 KB ( <1%) overhead. 
      Class:      6.99 MB capacity,     6.45 MB ( 92%) used,   468.10 KB (  7%) free+waste,    77.50 KB (  1%) overhead. 
       Both:     52.72 MB capacity,    51.35 MB ( 97%) used,     1.14 MB (  2%) free+waste,   241.75 KB ( <1%) overhead. 

Virtual space:
  Non-class space:       46.00 MB reserved,      45.75 MB (>99%) committed 
      Class space:        1.00 GB reserved,       7.00 MB ( <1%) committed 
             Both:        1.04 GB reserved,      52.75 MB (  5%) committed 

Chunk freelists:
   Non-Class:  1.88 KB
       Class:  1.63 KB
        Both:  3.50 KB

CodeHeap 'non-profiled nmethods': size=120064Kb used=3189Kb max_used=3189Kb free=116874Kb
 bounds [0x0000022f30280000, 0x0000022f305a0000, 0x0000022f377c0000]
CodeHeap 'profiled nmethods': size=120000Kb used=11940Kb max_used=11940Kb free=108059Kb
 bounds [0x0000022f28d50000, 0x0000022f29900000, 0x0000022f30280000]
CodeHeap 'non-nmethods': size=5696Kb used=1165Kb max_used=1207Kb free=4530Kb
 bounds [0x0000022f287c0000, 0x0000022f28a30000, 0x0000022f28d50000]
 total_blobs=6700 nmethods=5035 adapters=407
 compilation: enabled
              stopped_count=0, restarted_count=0
 full_count=0

Compilation events (10 events):
Event: 6.146 Thread 0x0000022f3f14b000 5113       2       org.aspectj.weaver.TypeFactory::createParameterizedType (139 bytes)
Event: 6.146 Thread 0x0000022f3f14b000 nmethod 5113 0x0000022f298f6790 code [0x0000022f298f6a40, 0x0000022f298f72d0]
Event: 6.147 Thread 0x0000022f3f14b000 5114       2       java.lang.Class::getDeclaredMethod (63 bytes)
Event: 6.147 Thread 0x0000022f3f14b000 nmethod 5114 0x0000022f298f7790 code [0x0000022f298f79e0, 0x0000022f298f7f50]
Event: 6.148 Thread 0x0000022f3f14b000 5115       2       org.springframework.beans.factory.support.ConstructorResolver::setCurrentInjectionPoint (32 bytes)
Event: 6.148 Thread 0x0000022f3f14b000 nmethod 5115 0x0000022f298f8210 code [0x0000022f298f8400, 0x0000022f298f8760]
Event: 6.151 Thread 0x0000022f3f14b000 5116       2       org.springframework.core.annotation.TypeMappedAnnotation::getAttributeIndex (83 bytes)
Event: 6.152 Thread 0x0000022f3f14b000 nmethod 5116 0x0000022f298f8990 code [0x0000022f298f8c20, 0x0000022f298f93d0]
Event: 6.152 Thread 0x0000022f3f14b000 5117       2       org.springframework.boot.context.properties.bind.JavaBeanBinder$Bean::addField (27 bytes)
Event: 6.152 Thread 0x0000022f3f14b000 nmethod 5117 0x0000022f298f9810 code [0x0000022f298f99e0, 0x0000022f298f9c10]

GC Heap History (10 events):
Event: 1.334 GC heap after
{Heap after GC invocations=4 (full 0):
 garbage-first heap   total 131072K, used 9907K [0x0000000080200000, 0x0000000100000000)
  region size 1024K, 3 young (3072K), 3 survivors (3072K)
 Metaspace       used 16829K, capacity 17167K, committed 17280K, reserved 1064960K
  class space    used 1739K, capacity 1885K, committed 1920K, reserved 1048576K
}
Event: 1.644 GC heap before
{Heap before GC invocations=4 (full 0):
 garbage-first heap   total 131072K, used 35507K [0x0000000080200000, 0x0000000100000000)
  region size 1024K, 30 young (30720K), 3 survivors (3072K)
 Metaspace       used 20694K, capacity 21155K, committed 21248K, reserved 1069056K
  class space    used 2288K, capacity 2487K, committed 2560K, reserved 1048576K
}
Event: 1.651 GC heap after
{Heap after GC invocations=5 (full 0):
 garbage-first heap   total 157696K, used 11142K [0x0000000080200000, 0x0000000100000000)
  region size 1024K, 4 young (4096K), 4 survivors (4096K)
 Metaspace       used 20694K, capacity 21155K, committed 21248K, reserved 1069056K
  class space    used 2288K, capacity 2487K, committed 2560K, reserved 1048576K
}
Event: 2.285 GC heap before
{Heap before GC invocations=6 (full 0):
 garbage-first heap   total 157696K, used 96134K [0x0000000080200000, 0x0000000100000000)
  region size 1024K, 87 young (89088K), 4 survivors (4096K)
 Metaspace       used 29611K, capacity 30259K, committed 30336K, reserved 1075200K
  class space    used 3430K, capacity 3712K, committed 3712K, reserved 1048576K
}
Event: 2.294 GC heap after
{Heap after GC invocations=7 (full 0):
 garbage-first heap   total 157696K, used 13821K [0x0000000080200000, 0x0000000100000000)
  region size 1024K, 7 young (7168K), 7 survivors (7168K)
 Metaspace       used 29611K, capacity 30259K, committed 30336K, reserved 1075200K
  class space    used 3430K, capacity 3712K, committed 3712K, reserved 1048576K
}
Event: 3.361 GC heap before
{Heap before GC invocations=7 (full 0):
 garbage-first heap   total 157696K, used 95741K [0x0000000080200000, 0x0000000100000000)
  region size 1024K, 88 young (90112K), 7 survivors (7168K)
 Metaspace       used 34929K, capacity 35773K, committed 35840K, reserved 1081344K
  class space    used 4254K, capacity 4592K, committed 4608K, reserved 1048576K
}
Event: 3.381 GC heap after
{Heap after GC invocations=8 (full 0):
 garbage-first heap   total 157696K, used 16597K [0x0000000080200000, 0x0000000100000000)
  region size 1024K, 9 young (9216K), 9 survivors (9216K)
 Metaspace       used 34929K, capacity 35773K, committed 35840K, reserved 1081344K
  class space    used 4254K, capacity 4592K, committed 4608K, reserved 1048576K
}
Event: 4.901 GC heap before
{Heap before GC invocations=9 (full 0):
 garbage-first heap   total 157696K, used 101589K [0x0000000080200000, 0x0000000100000000)
  region size 1024K, 92 young (94208K), 9 survivors (9216K)
 Metaspace       used 44568K, capacity 45569K, committed 45824K, reserved 1089536K
  class space    used 5479K, capacity 5881K, committed 5888K, reserved 1048576K
}
Event: 4.916 GC heap after
{Heap after GC invocations=10 (full 0):
 garbage-first heap   total 157696K, used 20303K [0x0000000080200000, 0x0000000100000000)
  region size 1024K, 10 young (10240K), 10 survivors (10240K)
 Metaspace       used 44568K, capacity 45569K, committed 45824K, reserved 1089536K
  class space    used 5479K, capacity 5881K, committed 5888K, reserved 1048576K
}
Event: 6.155 GC heap before
{Heap before GC invocations=10 (full 0):
 garbage-first heap   total 157696K, used 104271K [0x0000000080200000, 0x0000000100000000)
  region size 1024K, 92 young (94208K), 10 survivors (10240K)
 Metaspace       used 52583K, capacity 53988K, committed 54016K, reserved 1095680K
  class space    used 6609K, capacity 7155K, committed 7168K, reserved 1048576K
}

Deoptimization events (10 events):
Event: 5.355 Thread 0x0000022f402e9000 Uncommon trap: reason=class_check action=maybe_recompile pc=0x0000022f30400450 method=org.springframework.util.ConcurrentReferenceHashMap.get(Ljava/lang/Object;)Ljava/lang/Object; @ 14 c2
Event: 5.355 Thread 0x0000022f402e9000 Uncommon trap: reason=class_check action=maybe_recompile pc=0x0000022f30400450 method=org.springframework.util.ConcurrentReferenceHashMap.get(Ljava/lang/Object;)Ljava/lang/Object; @ 14 c2
Event: 5.369 Thread 0x0000022f402e9000 Uncommon trap: reason=class_check action=maybe_recompile pc=0x0000022f3051e880 method=org.springframework.util.ConcurrentReferenceHashMap$Segment.findInChain(Lorg/springframework/util/ConcurrentReferenceHashMap$Reference;Ljava/lang/Object;I)Lorg/springfra
Event: 5.459 Thread 0x0000022f402e9000 Uncommon trap: reason=speculate_null_assert action=make_not_entrant pc=0x0000022f3051e6cc method=org.springframework.util.ConcurrentReferenceHashMap$Segment.restructureIfNecessary(Z)V @ 41 c2
Event: 5.460 Thread 0x0000022f402e9000 Uncommon trap: reason=class_check action=maybe_recompile pc=0x0000022f3051dbc8 method=org.springframework.util.ConcurrentReferenceHashMap$Segment.findInChain(Lorg/springframework/util/ConcurrentReferenceHashMap$Reference;Ljava/lang/Object;I)Lorg/springfra
Event: 5.468 Thread 0x0000022f402e9000 Uncommon trap: reason=unstable_if action=reinterpret pc=0x0000022f305413f8 method=org.aspectj.weaver.World.resolve(Lorg/aspectj/weaver/UnresolvedType;Z)Lorg/aspectj/weaver/ResolvedType; @ 253 c2
Event: 5.483 Thread 0x0000022f402e9000 Uncommon trap: reason=speculate_null_assert action=make_not_entrant pc=0x0000022f303234c4 method=org.springframework.util.ConcurrentReferenceHashMap$Segment.restructureIfNecessary(Z)V @ 41 c2
Event: 5.505 Thread 0x0000022f402e9000 Uncommon trap: reason=unstable_if action=reinterpret pc=0x0000022f30322bfc method=org.springframework.util.ConcurrentReferenceHashMap$Segment.clear()V @ 7 c2
Event: 5.797 Thread 0x0000022f402e9000 Uncommon trap: reason=unstable_if action=reinterpret pc=0x0000022f3053c990 method=java.lang.reflect.Method.equals(Ljava/lang/Object;)Z @ 1 c2
Event: 5.875 Thread 0x0000022f402e9000 Uncommon trap: reason=unstable_if action=reinterpret pc=0x0000022f30354250 method=org.springframework.boot.context.properties.source.ConfigurationPropertyName.getElement(ILorg/springframework/boot/context/properties/source/ConfigurationPropertyName$Form;)

Classes redefined (0 events):
No events

Internal exceptions (10 events):
Event: 5.508 Thread 0x0000022f402e9000 Exception <a 'java/lang/NoSuchMethodError'{0x0000000087a75598}: java.lang.invoke.DirectMethodHandle$Holder.newInvokeSpecial(Ljava/lang/Object;J)Ljava/lang/Object;> (0x0000000087a75598) thrown at [t:/workspace/open/src/hotspot/share/interpreter/linkResolve
Event: 5.628 Thread 0x0000022f402e9000 Exception <a 'java/lang/IncompatibleClassChangeError'{0x00000000871fd9f8}: Found class java.lang.Object, but interface was expected> (0x00000000871fd9f8) thrown at [t:/workspace/open/src/hotspot/share/interpreter/linkResolver.cpp, line 856]
Event: 5.635 Thread 0x0000022f402e9000 Exception <a 'java/lang/NoSuchMethodError'{0x000000008707d5d8}: java.lang.invoke.DirectMethodHandle$Holder.invokeSpecial(Ljava/lang/Object;Ljava/lang/Object;Ljava/lang/Object;Ljava/lang/Object;Ljava/lang/Object;Ljava/lang/Object;Ljava/lang/Object;)V> (0x0
Event: 5.772 Thread 0x0000022f402e9000 Exception <a 'java/lang/NoSuchMethodError'{0x00000000863253c0}: java.lang.invoke.DirectMethodHandle$Holder.invokeInterface(Ljava/lang/Object;Ljava/lang/Object;Ljava/lang/Object;Ljava/lang/Object;)Ljava/lang/Object;> (0x00000000863253c0) thrown at [t:/work
Event: 5.795 Thread 0x0000022f402e9000 Exception <a 'java/lang/ClassNotFoundException'{0x00000000862f4820}: java/lang/ObjectCustomizer> (0x00000000862f4820) thrown at [t:/workspace/open/src/hotspot/share/classfile/systemDictionary.cpp, line 231]
Event: 5.795 Thread 0x0000022f402e9000 Exception <a 'java/lang/ClassNotFoundException'{0x00000000861133a8}: org/springframework/cloud/client/discovery/simple/SimpleDiscoveryClientAutoConfigurationCustomizer> (0x00000000861133a8) thrown at [t:/workspace/open/src/hotspot/share/classfile/systemDi
Event: 5.796 Thread 0x0000022f402e9000 Exception <a 'java/lang/ClassNotFoundException'{0x000000008612dd00}: org/springframework/context/ApplicationListenerCustomizer> (0x000000008612dd00) thrown at [t:/workspace/open/src/hotspot/share/classfile/systemDictionary.cpp, line 231]
Event: 5.797 Thread 0x0000022f402e9000 Exception <a 'java/lang/ClassNotFoundException'{0x0000000086132ca8}: java/util/EventListenerCustomizer> (0x0000000086132ca8) thrown at [t:/workspace/open/src/hotspot/share/classfile/systemDictionary.cpp, line 231]
Event: 5.797 Thread 0x0000022f402e9000 Implicit null exception at 0x0000022f3053c86c to 0x0000022f3053c97e
Event: 6.001 Thread 0x0000022f402e9000 Exception <a 'java/lang/NoSuchMethodError'{0x0000000085421ab0}: java.lang.invoke.DirectMethodHandle$Holder.invokeStaticInit(Ljava/lang/Object;Ljava/lang/Object;I)Ljava/lang/Object;> (0x0000000085421ab0) thrown at [t:/workspace/open/src/hotspot/share/inter

Events (10 events):
Event: 6.150 loading class org/springframework/boot/autoconfigure/web/reactive/WebFluxProperties$Cookie done
Event: 6.151 loading class org/springframework/boot/autoconfigure/web/reactive/WebFluxProperties$SameSite
Event: 6.151 loading class org/springframework/boot/autoconfigure/web/reactive/WebFluxProperties$SameSite done
Event: 6.154 loading class org/springframework/boot/autoconfigure/web/WebProperties$Resources$Chain$Strategy
Event: 6.154 loading class org/springframework/boot/autoconfigure/web/WebProperties$Resources$Chain$Strategy done
Event: 6.154 loading class org/springframework/boot/autoconfigure/web/WebProperties$Resources$Chain$Strategy$Fixed
Event: 6.154 loading class org/springframework/boot/autoconfigure/web/WebProperties$Resources$Chain$Strategy$Fixed done
Event: 6.155 loading class org/springframework/boot/autoconfigure/web/WebProperties$Resources$Chain$Strategy$Content
Event: 6.155 loading class org/springframework/boot/autoconfigure/web/WebProperties$Resources$Chain$Strategy$Content done
Event: 6.155 Executing VM operation: G1CollectForAllocation


Dynamic libraries:
0x00007ff7078e0000 - 0x00007ff707925000 	C:\jdk-11\bin\java.exe
0x00007ffcdcef0000 - 0x00007ffcdd0e7000 	C:\Windows\SYSTEM32\ntdll.dll
0x00007ffcdaf50000 - 0x00007ffcdb00d000 	C:\Windows\System32\KERNEL32.DLL
0x00007ffcdaae0000 - 0x00007ffcdadad000 	C:\Windows\System32\KERNELBASE.dll
0x00007ffcdb460000 - 0x00007ffcdb50e000 	C:\Windows\System32\ADVAPI32.DLL
0x00007ffcdb6b0000 - 0x00007ffcdb74e000 	C:\Windows\System32\msvcrt.dll
0x00007ffcdcc50000 - 0x00007ffcdccec000 	C:\Windows\System32\sechost.dll
0x00007ffcdcd80000 - 0x00007ffcdcea5000 	C:\Windows\System32\RPCRT4.dll
0x00007ffcdb510000 - 0x00007ffcdb6b0000 	C:\Windows\System32\USER32.dll
0x00007ffcdaa60000 - 0x00007ffcdaa82000 	C:\Windows\System32\win32u.dll
0x00007ffcdc840000 - 0x00007ffcdc86a000 	C:\Windows\System32\GDI32.dll
0x00007ffcdae40000 - 0x00007ffcdaf4b000 	C:\Windows\System32\gdi32full.dll
0x00007ffcda810000 - 0x00007ffcda8ad000 	C:\Windows\System32\msvcp_win.dll
0x00007ffcda8b0000 - 0x00007ffcda9b0000 	C:\Windows\System32\ucrtbase.dll
0x00007ffcb5430000 - 0x00007ffcb56ca000 	C:\Windows\WinSxS\amd64_microsoft.windows.common-controls_6595b64144ccf1df_6.0.19041.1110_none_60b5254171f9507e\COMCTL32.dll
0x00007ffcdb160000 - 0x00007ffcdb190000 	C:\Windows\System32\IMM32.DLL
0x00007ffcda420000 - 0x00007ffcda45b000 	C:\Program Files\Citrix\HDX\bin\MfApHook.dll
0x00007ffcda360000 - 0x00007ffcda370000 	C:\Program Files\Citrix\HDX\bin\FullScreenHook.dll
0x00007ffcc73d0000 - 0x00007ffcc73e6000 	C:\jdk-11\bin\VCRUNTIME140.dll
0x00007ffca2ab0000 - 0x00007ffca2b5a000 	C:\jdk-11\bin\MSVCP140.dll
0x00007ffcda350000 - 0x00007ffcda35c000 	C:\Windows\SYSTEM32\VCRUNTIME140_1.dll
0x00007ffcda160000 - 0x00007ffcda18d000 	C:\Program Files\Citrix\HDX\bin\ShellHook.dll
0x00007ffcdb270000 - 0x00007ffcdb2c5000 	C:\Windows\System32\SHLWAPI.dll
0x00007ffcda030000 - 0x00007ffcda159000 	C:\Program Files\Citrix\HDX\bin\SCardHook.dll
0x00007ffcd9f90000 - 0x00007ffcd9fae000 	C:\Program Files\Citrix\HDX\bin\CxInjIme.dll
0x00007ffcd9f60000 - 0x00007ffcd9f88000 	C:\Program Files\Citrix\HDX\bin\PicaWtsHook.dll
0x00007ffca1a50000 - 0x00007ffca2591000 	C:\jdk-11\bin\server\jvm.dll
0x00007ffcdb190000 - 0x00007ffcdb198000 	C:\Windows\System32\PSAPI.DLL
0x00007ffcda210000 - 0x00007ffcda21a000 	C:\Windows\SYSTEM32\VERSION.dll
0x00007ffcd5240000 - 0x00007ffcd5267000 	C:\Windows\SYSTEM32\WINMM.dll
0x00007ffcd52a0000 - 0x00007ffcd52a9000 	C:\Windows\SYSTEM32\WSOCK32.dll
0x00007ffcdc080000 - 0x00007ffcdc0eb000 	C:\Windows\System32\WS2_32.dll
0x00007ffcd8a20000 - 0x00007ffcd8a32000 	C:\Windows\SYSTEM32\kernel.appcore.dll
0x00007ffcc73b0000 - 0x00007ffcc73c1000 	C:\jdk-11\bin\verify.dll
0x00007ffcd7dc0000 - 0x00007ffcd7fa4000 	C:\Windows\SYSTEM32\DBGHELP.DLL
0x00007ffcc1060000 - 0x00007ffcc108c000 	C:\Windows\SYSTEM32\dbgcore.DLL
0x00007ffcdadb0000 - 0x00007ffcdae32000 	C:\Windows\System32\bcryptPrimitives.dll
0x00007ffcc7340000 - 0x00007ffcc7368000 	C:\jdk-11\bin\java.dll
0x00007ffca4390000 - 0x00007ffca43bf000 	C:\jdk-11\bin\instrument.dll
0x00007ffcc7320000 - 0x00007ffcc7336000 	C:\jdk-11\bin\zip.dll
0x00007ffcd4d10000 - 0x00007ffcd4d1a000 	C:\jdk-11\bin\jimage.dll
0x00007ffcdc0f0000 - 0x00007ffcdc834000 	C:\Windows\System32\SHELL32.dll
0x00007ffcd8280000 - 0x00007ffcd8a14000 	C:\Windows\SYSTEM32\windows.storage.dll
0x00007ffcdbd20000 - 0x00007ffcdc074000 	C:\Windows\System32\combase.dll
0x00007ffcd9c10000 - 0x00007ffcd9c3c000 	C:\Windows\SYSTEM32\Wldp.dll
0x00007ffcdc8d0000 - 0x00007ffcdc97d000 	C:\Windows\System32\SHCORE.dll
0x00007ffcda550000 - 0x00007ffcda56f000 	C:\Windows\SYSTEM32\profapi.dll
0x00007ffcae3b0000 - 0x00007ffcae3c9000 	C:\jdk-11\bin\net.dll
0x00007ffccf350000 - 0x00007ffccf45a000 	C:\Windows\SYSTEM32\WINHTTP.dll
0x00007ffcd98c0000 - 0x00007ffcd992a000 	C:\Windows\system32\mswsock.dll
0x00007ffcae270000 - 0x00007ffcae283000 	C:\jdk-11\bin\nio.dll
0x00007ffca4370000 - 0x00007ffca438a000 	C:\Program Files\JetBrains\IntelliJ IDEA Community Edition 2022.1.2\bin\breakgen64.dll
0x00007ffcc7420000 - 0x00007ffcc7429000 	C:\jdk-11\bin\management.dll
0x00007ffcc7400000 - 0x00007ffcc740c000 	C:\jdk-11\bin\management_ext.dll
0x00007ffcd95c0000 - 0x00007ffcd95fb000 	C:\Windows\SYSTEM32\IPHLPAPI.DLL
0x00007ffcdb0f0000 - 0x00007ffcdb0f8000 	C:\Windows\System32\NSI.dll
0x00007ffcd3bc0000 - 0x00007ffcd3bd7000 	C:\Windows\SYSTEM32\dhcpcsvc6.DLL
0x00007ffcd3ba0000 - 0x00007ffcd3bbd000 	C:\Windows\SYSTEM32\dhcpcsvc.DLL
0x00007ffcd9600000 - 0x00007ffcd96cb000 	C:\Windows\SYSTEM32\DNSAPI.dll
0x00007ffcd1bb0000 - 0x00007ffcd1bba000 	C:\Windows\System32\rasadhlp.dll
0x00007ffcd3c20000 - 0x00007ffcd3ca0000 	C:\Windows\System32\fwpuclnt.dll
0x00007ffcda610000 - 0x00007ffcda637000 	C:\Windows\System32\bcrypt.dll
0x00007ffccc6e0000 - 0x00007ffccc6f7000 	C:\Windows\system32\napinsp.dll
0x00007ffccc700000 - 0x00007ffccc71b000 	C:\Windows\system32\pnrpnsp.dll
0x00007ffcd26f0000 - 0x00007ffcd270d000 	C:\Windows\system32\NLAapi.dll
0x00007ffccc720000 - 0x00007ffccc732000 	C:\Windows\System32\winrnr.dll
0x00007ffccc740000 - 0x00007ffccc755000 	C:\Windows\system32\wshbth.dll
0x00007ffcd9ac0000 - 0x00007ffcd9ad8000 	C:\Windows\SYSTEM32\CRYPTSP.dll
0x00007ffcd9250000 - 0x00007ffcd9284000 	C:\Windows\system32\rsaenh.dll
0x00007ffcda510000 - 0x00007ffcda53e000 	C:\Windows\SYSTEM32\USERENV.dll
0x00007ffcd9ab0000 - 0x00007ffcd9abc000 	C:\Windows\SYSTEM32\CRYPTBASE.dll

dbghelp: loaded successfully - version: 4.0.5 - missing functions: none
symbol engine: initialized successfully - sym options: 0x614 - pdb path: .;C:\jdk-11\bin;C:\Windows\SYSTEM32;C:\Windows\WinSxS\amd64_microsoft.windows.common-controls_6595b64144ccf1df_6.0.19041.1110_none_60b5254171f9507e;C:\Program Files\Citrix\HDX\bin;C:\jdk-11\bin\server;C:\Program Files\JetBrains\IntelliJ IDEA Community Edition 2022.1.2\bin

VM Arguments:
jvm_args: -javaagent:C:\Program Files\JetBrains\IntelliJ IDEA Community Edition 2022.1.2\lib\idea_rt.jar=61321:C:\Program Files\JetBrains\IntelliJ IDEA Community Edition 2022.1.2\bin -Dfile.encoding=UTF-8 
java_command: webshop.OrderQueriesServiceApplication
java_class_path (initial): C:\Users\614154\Downloads\WebShopApp\OrderQueriesService\target\classes;C:\Users\614154\.m2\repository\org\springframework\boot\spring-boot-starter-data-mongodb\2.7.2\spring-boot-starter-data-mongodb-2.7.2.jar;C:\Users\614154\.m2\repository\org\springframework\boot\spring-boot-starter\2.5.3\spring-boot-starter-2.5.3.jar;C:\Users\614154\.m2\repository\org\springframework\boot\spring-boot-starter-logging\2.5.3\spring-boot-starter-logging-2.5.3.jar;C:\Users\614154\.m2\repository\ch\qos\logback\logback-classic\1.2.4\logback-classic-1.2.4.jar;C:\Users\614154\.m2\repository\ch\qos\logback\logback-core\1.2.4\logback-core-1.2.4.jar;C:\Users\614154\.m2\repository\org\apache\logging\log4j\log4j-to-slf4j\2.14.1\log4j-to-slf4j-2.14.1.jar;C:\Users\614154\.m2\repository\org\apache\logging\log4j\log4j-api\2.14.1\log4j-api-2.14.1.jar;C:\Users\614154\.m2\repository\org\slf4j\jul-to-slf4j\1.7.32\jul-to-slf4j-1.7.32.jar;C:\Users\614154\.m2\repository\jakarta\annotation\jakarta.annotation-api\1.3.5\jakarta.annotation-api-1.3.5.jar;C:\Users\614154\.m2\repository\org\yaml\snakeyaml\1.28\snakeyaml-1.28.jar;C:\Users\614154\.m2\repository\org\mongodb\mongodb-driver-sync\4.2.3\mongodb-driver-sync-4.2.3.jar;C:\Users\614154\.m2\repository\org\mongodb\bson\4.2.3\bson-4.2.3.jar;C:\Users\614154\.m2\repository\org\mongodb\mongodb-driver-core\4.2.3\mongodb-driver-core-4.2.3.jar;C:\Users\614154\.m2\repository\org\springframework\data\spring-data-mongodb\3.2.3\spring-data-mongodb-3.2.3.jar;C:\Users\614154\.m2\repository\org\springframework\spring-beans\5.3.9\spring-beans-5.3.9.jar;C:\Users\614154\.m2\repository\org\springframework\spring-expression\5.3.9\spring-expression-5.3.9.jar;C:\Users\614154\.m2\repository\org\springframework\data\spring-data-commons\2.5.3\spring-data-commons-2.5.3.jar;C:\Users\614154\.m2\repository\org\springframework\cloud\spring-cloud-starter-netflix-eureka-client\3.0.3\spring-cloud-starter-netflix-eureka-client-3.0.3.jar;C:\Users\614154\.m2\repo
Launcher Type: SUN_STANDARD

[Global flags]
     intx CICompilerCount                          = 3                                         {product} {ergonomic}
     uint ConcGCThreads                            = 1                                         {product} {ergonomic}
     uint G1ConcRefinementThreads                  = 4                                         {product} {ergonomic}
   size_t G1HeapRegionSize                         = 1048576                                   {product} {ergonomic}
    uintx GCDrainStackTargetSize                   = 64                                        {product} {ergonomic}
   size_t InitialHeapSize                          = 134217728                                 {product} {ergonomic}
   size_t MarkStackSize                            = 4194304                                   {product} {ergonomic}
   size_t MaxHeapSize                              = 2145386496                                {product} {ergonomic}
   size_t MaxNewSize                               = 1286602752                                {product} {ergonomic}
   size_t MinHeapDeltaBytes                        = 1048576                                   {product} {ergonomic}
    uintx NonNMethodCodeHeapSize                   = 5830092                                {pd product} {ergonomic}
    uintx NonProfiledCodeHeapSize                  = 122914074                              {pd product} {ergonomic}
    uintx ProfiledCodeHeapSize                     = 122914074                              {pd product} {ergonomic}
    uintx ReservedCodeCacheSize                    = 251658240                              {pd product} {ergonomic}
     bool SegmentedCodeCache                       = true                                      {product} {ergonomic}
     bool UseCompressedClassPointers               = true                                 {lp64_product} {ergonomic}
     bool UseCompressedOops                        = true                                 {lp64_product} {ergonomic}
     bool UseG1GC                                  = true                                      {product} {ergonomic}
     bool UseLargePagesIndividualAllocation        = false                                  {pd product} {ergonomic}

Logging:
Log output configuration:
 #0: stdout all=warning uptime,level,tags
 #1: stderr all=off uptime,level,tags

Environment Variables:
JAVA_HOME=C:\jdk-11
PATH=C:\jdk-11;C:\Program Files (x86)\Common Files\Oracle\Java\javapath;C:\Windows\system32;C:\Windows;C:\Windows\System32\Wbem;C:\Windows\System32\WindowsPowerShell\v1.0\;C:\Windows\System32\OpenSSH\;C:\Program Files (x86)\Citrix\HDX\bin\;C:\Program Files\Citrix\HDX\bin\;C:\Program Files\Citrix\Virtual Desktop Agent\;C:\Program Files\Citrix\Citrix Files\;C:\Program Files (x86)\Citrix\Workspace Environment Management Agent;C:\Users\614154\AppData\Local\Microsoft\WindowsApps;
USERNAME=614154
OS=Windows_NT
PROCESSOR_IDENTIFIER=Intel64 Family 6 Model 85 Stepping 7, GenuineIntel



---------------  S Y S T E M  ---------------

OS: Windows 10 , 64 bit Build 19041 (10.0.19041.1741)

CPU:total 4 (initial active 4) (4 cores per cpu, 1 threads per core) family 6 model 85 stepping 7, cmov, cx8, fxsr, mmx, sse, sse2, sse3, ssse3, sse4.1, sse4.2, popcnt, avx, avx2, aes, clmul, erms, 3dnowpref, lzcnt, tsc, bmi1, bmi2, adx, fma

Memory: 4k page, system-wide physical 8183M (244M free)
TotalPageFile size 19622M (AvailPageFile size 38M)
current process WorkingSet (physical memory assigned to process): 295M, peak: 295M
current process commit charge ("private bytes"): 363M, peak: 403M

vm_info: OpenJDK 64-Bit Server VM (11+28) for windows-amd64 JRE (11+28), built on Aug 23 2018 03:04:58 by "mach5one" with MS VC++ 15.5 (VS2017)

END.
